using expon for time
{"acc": 0.26468858862135297, "recall": 0.543166104442877, "f1": 0.35593002258021866}
dimension used: 300
{"acc": 0.2741987808919969, "recall": 0.6370659672487164, "f1": 0.3833852059432572}
dimension used: 500
{"acc": 0.27357692375186127, "recall": 0.6355965706237444, "f1": 0.38251127120219347}
dimension used: 700
{"acc": 0.33407575256287486, "recall": 0.6579309667947761, "f1": 0.4431397057647147}
dimension used: 900
{"acc": 0.36702415327105836, "recall": 0.6525360045631078, "f1": 0.4698035181414156}
---
without using expon for timedimension used: 600
{"acc": 0.03225806451612903, "recall": 0.06837685282914965, "f1": 0.043835777643753404}
dimension used: 800
{"acc": 0.03225806451612903, "recall": 0.06837685282914965, "f1": 0.043835777643753404}
---
using expon for time.
no. classes: 42
no. classes: 42
dimension used: 1200
{"acc": 0.3710208315068453, "recall": 0.5230860602789789, "f1": 0.43412219907334254}
dimension used: 1400
{"acc": 0.4273527626645727, "recall": 0.6046705723345548, "f1": 0.5007786758801512}
dimension used: 1600
{"acc": 0.44124707123682383, "recall": 0.5634476463768558, "f1": 0.4949157577927412}
